<?xml version="1.0" encoding="UTF-8"?>
<testsuite name="bookclub.chakmuri.ChakmuriApplicationTests" tests="1" skipped="0" failures="0" errors="0" timestamp="2021-08-24T13:14:39" hostname="MacBook-Pro-17.local" time="0.084">
  <properties/>
  <testcase name="contextLoads()" classname="bookclub.chakmuri.ChakmuriApplicationTests" time="0.084"/>
  <system-out><![CDATA[22:14:35.371 [Test worker] DEBUG org.springframework.test.context.BootstrapUtils - Instantiating CacheAwareContextLoaderDelegate from class [org.springframework.test.context.cache.DefaultCacheAwareContextLoaderDelegate]
22:14:35.382 [Test worker] DEBUG org.springframework.test.context.BootstrapUtils - Instantiating BootstrapContext using constructor [public org.springframework.test.context.support.DefaultBootstrapContext(java.lang.Class,org.springframework.test.context.CacheAwareContextLoaderDelegate)]
22:14:35.409 [Test worker] DEBUG org.springframework.test.context.BootstrapUtils - Instantiating TestContextBootstrapper for test class [bookclub.chakmuri.ChakmuriApplicationTests] from class [org.springframework.boot.test.context.SpringBootTestContextBootstrapper]
22:14:35.419 [Test worker] INFO org.springframework.boot.test.context.SpringBootTestContextBootstrapper - Neither @ContextConfiguration nor @ContextHierarchy found for test class [bookclub.chakmuri.ChakmuriApplicationTests], using SpringBootContextLoader
22:14:35.422 [Test worker] DEBUG org.springframework.test.context.support.AbstractContextLoader - Did not detect default resource location for test class [bookclub.chakmuri.ChakmuriApplicationTests]: class path resource [bookclub/chakmuri/ChakmuriApplicationTests-context.xml] does not exist
22:14:35.423 [Test worker] DEBUG org.springframework.test.context.support.AbstractContextLoader - Did not detect default resource location for test class [bookclub.chakmuri.ChakmuriApplicationTests]: class path resource [bookclub/chakmuri/ChakmuriApplicationTestsContext.groovy] does not exist
22:14:35.423 [Test worker] INFO org.springframework.test.context.support.AbstractContextLoader - Could not detect default resource locations for test class [bookclub.chakmuri.ChakmuriApplicationTests]: no resource found for suffixes {-context.xml, Context.groovy}.
22:14:35.424 [Test worker] INFO org.springframework.test.context.support.AnnotationConfigContextLoaderUtils - Could not detect default configuration classes for test class [bookclub.chakmuri.ChakmuriApplicationTests]: ChakmuriApplicationTests does not declare any static, non-private, non-final, nested classes annotated with @Configuration.
22:14:35.460 [Test worker] DEBUG org.springframework.test.context.support.ActiveProfilesUtils - Could not find an 'annotation declaring class' for annotation type [org.springframework.test.context.ActiveProfiles] and class [bookclub.chakmuri.ChakmuriApplicationTests]
22:14:35.513 [Test worker] DEBUG org.springframework.context.annotation.ClassPathScanningCandidateComponentProvider - Identified candidate component class: file [/Users/solahn/dev/projects/chakmuri/back/build/classes/java/main/bookclub/chakmuri/ChakmuriApplication.class]
22:14:35.514 [Test worker] INFO org.springframework.boot.test.context.SpringBootTestContextBootstrapper - Found @SpringBootConfiguration bookclub.chakmuri.ChakmuriApplication for test class bookclub.chakmuri.ChakmuriApplicationTests
22:14:35.602 [Test worker] DEBUG org.springframework.boot.test.context.SpringBootTestContextBootstrapper - @TestExecutionListeners is not present for class [bookclub.chakmuri.ChakmuriApplicationTests]: using defaults.
22:14:35.603 [Test worker] INFO org.springframework.boot.test.context.SpringBootTestContextBootstrapper - Loaded default TestExecutionListener class names from location [META-INF/spring.factories]: [org.springframework.boot.test.autoconfigure.restdocs.RestDocsTestExecutionListener, org.springframework.boot.test.autoconfigure.web.client.MockRestServiceServerResetTestExecutionListener, org.springframework.boot.test.autoconfigure.web.servlet.MockMvcPrintOnlyOnFailureTestExecutionListener, org.springframework.boot.test.autoconfigure.web.servlet.WebDriverTestExecutionListener, org.springframework.boot.test.autoconfigure.webservices.client.MockWebServiceServerTestExecutionListener, org.springframework.boot.test.mock.mockito.MockitoTestExecutionListener, org.springframework.boot.test.mock.mockito.ResetMocksTestExecutionListener, org.springframework.test.context.web.ServletTestExecutionListener, org.springframework.test.context.support.DirtiesContextBeforeModesTestExecutionListener, org.springframework.test.context.event.ApplicationEventsTestExecutionListener, org.springframework.test.context.support.DependencyInjectionTestExecutionListener, org.springframework.test.context.support.DirtiesContextTestExecutionListener, org.springframework.test.context.transaction.TransactionalTestExecutionListener, org.springframework.test.context.jdbc.SqlScriptsTestExecutionListener, org.springframework.test.context.event.EventPublishingTestExecutionListener]
22:14:35.623 [Test worker] INFO org.springframework.boot.test.context.SpringBootTestContextBootstrapper - Using TestExecutionListeners: [org.springframework.test.context.web.ServletTestExecutionListener@58b7a780, org.springframework.test.context.support.DirtiesContextBeforeModesTestExecutionListener@7d062ebb, org.springframework.test.context.event.ApplicationEventsTestExecutionListener@18977eb8, org.springframework.boot.test.mock.mockito.MockitoTestExecutionListener@52aeb6b4, org.springframework.boot.test.autoconfigure.SpringBootDependencyInjectionTestExecutionListener@374090c6, org.springframework.test.context.support.DirtiesContextTestExecutionListener@7b7f1363, org.springframework.test.context.transaction.TransactionalTestExecutionListener@58bec00a, org.springframework.test.context.jdbc.SqlScriptsTestExecutionListener@7f82d6bf, org.springframework.test.context.event.EventPublishingTestExecutionListener@4c77af29, org.springframework.boot.test.autoconfigure.restdocs.RestDocsTestExecutionListener@4f1059cf, org.springframework.boot.test.autoconfigure.web.client.MockRestServiceServerResetTestExecutionListener@61807eb7, org.springframework.boot.test.autoconfigure.web.servlet.MockMvcPrintOnlyOnFailureTestExecutionListener@85e6b16, org.springframework.boot.test.autoconfigure.web.servlet.WebDriverTestExecutionListener@792193d3, org.springframework.boot.test.autoconfigure.webservices.client.MockWebServiceServerTestExecutionListener@34327319, org.springframework.boot.test.mock.mockito.ResetMocksTestExecutionListener@5625c6ee]
22:14:35.626 [Test worker] DEBUG org.springframework.test.context.support.AbstractDirtiesContextTestExecutionListener - Before test class: context [DefaultTestContext@49f5c4b9 testClass = ChakmuriApplicationTests, testInstance = [null], testMethod = [null], testException = [null], mergedContextConfiguration = [WebMergedContextConfiguration@51af8ab6 testClass = ChakmuriApplicationTests, locations = '{}', classes = '{class bookclub.chakmuri.ChakmuriApplication}', contextInitializerClasses = '[]', activeProfiles = '{}', propertySourceLocations = '{}', propertySourceProperties = '{org.springframework.boot.test.context.SpringBootTestContextBootstrapper=true}', contextCustomizers = set[org.springframework.boot.test.autoconfigure.actuate.metrics.MetricsExportContextCustomizerFactory$DisableMetricExportContextCustomizer@1b7e01bd, org.springframework.boot.test.autoconfigure.properties.PropertyMappingContextCustomizer@0, org.springframework.boot.test.autoconfigure.web.servlet.WebDriverContextCustomizerFactory$Customizer@4a02be55, org.springframework.boot.test.context.filter.ExcludeFilterContextCustomizer@169ef30, org.springframework.boot.test.json.DuplicateJsonObjectContextCustomizerFactory$DuplicateJsonObjectContextCustomizer@576848c8, org.springframework.boot.test.mock.mockito.MockitoContextCustomizer@0, org.springframework.boot.test.web.client.TestRestTemplateContextCustomizer@377fc7da, org.springframework.boot.test.context.SpringBootTestArgs@1, org.springframework.boot.test.context.SpringBootTestWebEnvironment@45d836d8], resourceBasePath = 'src/main/webapp', contextLoader = 'org.springframework.boot.test.context.SpringBootContextLoader', parent = [null]], attributes = map['org.springframework.test.context.web.ServletTestExecutionListener.activateListener' -> true]], class annotated with @DirtiesContext [false] with mode [null].
22:14:35.651 [Test worker] DEBUG org.springframework.test.context.support.TestPropertySourceUtils - Adding inlined properties to environment: {spring.jmx.enabled=false, org.springframework.boot.test.context.SpringBootTestContextBootstrapper=true}



  .g8"""bgd `7MMF'  `7MMF'      db      `7MMF' `YMM' `7MMM.     ,MMF'`7MMF'   `7MF'`7MM"""Mq.  `7MMF'
.dP'     `M   MM      MM       ;MM:       MM   .M'     MMMb    dPMM    MM       M    MM   `MM.   MM
dM'       `   MM      MM      ,V^MM.      MM .d"       M YM   ,M MM    MM       M    MM   ,M9    MM
MM            MMmmmmmmMM     ,M  `MM      MMMMM.       M  Mb  M' MM    MM       M    MMmmdM9     MM
MM.           MM      MM     AbmmmqMA     MM  VMA      M  YM.P'  MM    MM       M    MM  YM.     MM
`Mb.     ,'   MM      MM    A'     VML    MM   `MM.    M  `YM'   MM    YM.     ,M    MM   `Mb.   MM
  `"bmmmd'  .JMML.  .JMML..AMA.   .AMMA..JMML.   MMb..JML. `'  .JMML.   `bmmmmd"'  .JMML. .JMM..JMML.



2021-08-24 22:14:35.964  INFO 10615 --- [    Test worker] b.chakmuri.ChakmuriApplicationTests      : Starting ChakmuriApplicationTests using Java 11.0.12 on MacBook-Pro-17.local with PID 10615 (started by solahn in /Users/solahn/dev/projects/chakmuri/back)
2021-08-24 22:14:35.968  INFO 10615 --- [    Test worker] b.chakmuri.ChakmuriApplicationTests      : No active profile set, falling back to default profiles: default
2021-08-24 22:14:36.480  INFO 10615 --- [    Test worker] .s.d.r.c.RepositoryConfigurationDelegate : Bootstrapping Spring Data JPA repositories in DEFAULT mode.
2021-08-24 22:14:36.530  INFO 10615 --- [    Test worker] .s.d.r.c.RepositoryConfigurationDelegate : Finished Spring Data repository scanning in 45 ms. Found 5 JPA repository interfaces.
2021-08-24 22:14:37.053  INFO 10615 --- [    Test worker] o.hibernate.jpa.internal.util.LogHelper  : HHH000204: Processing PersistenceUnitInfo [name: default]
2021-08-24 22:14:37.091  INFO 10615 --- [    Test worker] org.hibernate.Version                    : HHH000412: Hibernate ORM core version 5.4.32.Final
2021-08-24 22:14:37.203  INFO 10615 --- [    Test worker] o.hibernate.annotations.common.Version   : HCANN000001: Hibernate Commons Annotations {5.1.2.Final}
2021-08-24 22:14:37.228 DEBUG 10615 --- [    Test worker] org.hibernate.type.BasicTypeRegistry     : Adding type registration boolean -> org.hibernate.type.BooleanType@1c1a2d6f
2021-08-24 22:14:37.228 DEBUG 10615 --- [    Test worker] org.hibernate.type.BasicTypeRegistry     : Adding type registration boolean -> org.hibernate.type.BooleanType@1c1a2d6f
2021-08-24 22:14:37.228 DEBUG 10615 --- [    Test worker] org.hibernate.type.BasicTypeRegistry     : Adding type registration java.lang.Boolean -> org.hibernate.type.BooleanType@1c1a2d6f
2021-08-24 22:14:37.229 DEBUG 10615 --- [    Test worker] org.hibernate.type.BasicTypeRegistry     : Adding type registration numeric_boolean -> org.hibernate.type.NumericBooleanType@31ab5edc
2021-08-24 22:14:37.229 DEBUG 10615 --- [    Test worker] org.hibernate.type.BasicTypeRegistry     : Adding type registration true_false -> org.hibernate.type.TrueFalseType@5af2a53a
2021-08-24 22:14:37.230 DEBUG 10615 --- [    Test worker] org.hibernate.type.BasicTypeRegistry     : Adding type registration yes_no -> org.hibernate.type.YesNoType@47567d04
2021-08-24 22:14:37.231 DEBUG 10615 --- [    Test worker] org.hibernate.type.BasicTypeRegistry     : Adding type registration byte -> org.hibernate.type.ByteType@337a5159
2021-08-24 22:14:37.231 DEBUG 10615 --- [    Test worker] org.hibernate.type.BasicTypeRegistry     : Adding type registration byte -> org.hibernate.type.ByteType@337a5159
2021-08-24 22:14:37.231 DEBUG 10615 --- [    Test worker] org.hibernate.type.BasicTypeRegistry     : Adding type registration java.lang.Byte -> org.hibernate.type.ByteType@337a5159
2021-08-24 22:14:37.232 DEBUG 10615 --- [    Test worker] org.hibernate.type.BasicTypeRegistry     : Adding type registration character -> org.hibernate.type.CharacterType@1c11718e
2021-08-24 22:14:37.233 DEBUG 10615 --- [    Test worker] org.hibernate.type.BasicTypeRegistry     : Adding type registration char -> org.hibernate.type.CharacterType@1c11718e
2021-08-24 22:14:37.233 DEBUG 10615 --- [    Test worker] org.hibernate.type.BasicTypeRegistry     : Adding type registration java.lang.Character -> org.hibernate.type.CharacterType@1c11718e
2021-08-24 22:14:37.234 DEBUG 10615 --- [    Test worker] org.hibernate.type.BasicTypeRegistry     : Adding type registration short -> org.hibernate.type.ShortType@45bf91ef
2021-08-24 22:14:37.234 DEBUG 10615 --- [    Test worker] org.hibernate.type.BasicTypeRegistry     : Adding type registration short -> org.hibernate.type.ShortType@45bf91ef
2021-08-24 22:14:37.234 DEBUG 10615 --- [    Test worker] org.hibernate.type.BasicTypeRegistry     : Adding type registration java.lang.Short -> org.hibernate.type.ShortType@45bf91ef
2021-08-24 22:14:37.235 DEBUG 10615 --- [    Test worker] org.hibernate.type.BasicTypeRegistry     : Adding type registration integer -> org.hibernate.type.IntegerType@5f87b8d5
2021-08-24 22:14:37.236 DEBUG 10615 --- [    Test worker] org.hibernate.type.BasicTypeRegistry     : Adding type registration int -> org.hibernate.type.IntegerType@5f87b8d5
2021-08-24 22:14:37.236 DEBUG 10615 --- [    Test worker] org.hibernate.type.BasicTypeRegistry     : Adding type registration java.lang.Integer -> org.hibernate.type.IntegerType@5f87b8d5
2021-08-24 22:14:37.237 DEBUG 10615 --- [    Test worker] org.hibernate.type.BasicTypeRegistry     : Adding type registration long -> org.hibernate.type.LongType@4d8c1c1e
2021-08-24 22:14:37.237 DEBUG 10615 --- [    Test worker] org.hibernate.type.BasicTypeRegistry     : Adding type registration long -> org.hibernate.type.LongType@4d8c1c1e
2021-08-24 22:14:37.237 DEBUG 10615 --- [    Test worker] org.hibernate.type.BasicTypeRegistry     : Adding type registration java.lang.Long -> org.hibernate.type.LongType@4d8c1c1e
2021-08-24 22:14:37.238 DEBUG 10615 --- [    Test worker] org.hibernate.type.BasicTypeRegistry     : Adding type registration float -> org.hibernate.type.FloatType@16535fff
2021-08-24 22:14:37.238 DEBUG 10615 --- [    Test worker] org.hibernate.type.BasicTypeRegistry     : Adding type registration float -> org.hibernate.type.FloatType@16535fff
2021-08-24 22:14:37.238 DEBUG 10615 --- [    Test worker] org.hibernate.type.BasicTypeRegistry     : Adding type registration java.lang.Float -> org.hibernate.type.FloatType@16535fff
2021-08-24 22:14:37.239 DEBUG 10615 --- [    Test worker] org.hibernate.type.BasicTypeRegistry     : Adding type registration double -> org.hibernate.type.DoubleType@721d8512
2021-08-24 22:14:37.239 DEBUG 10615 --- [    Test worker] org.hibernate.type.BasicTypeRegistry     : Adding type registration double -> org.hibernate.type.DoubleType@721d8512
2021-08-24 22:14:37.239 DEBUG 10615 --- [    Test worker] org.hibernate.type.BasicTypeRegistry     : Adding type registration java.lang.Double -> org.hibernate.type.DoubleType@721d8512
2021-08-24 22:14:37.240 DEBUG 10615 --- [    Test worker] org.hibernate.type.BasicTypeRegistry     : Adding type registration big_decimal -> org.hibernate.type.BigDecimalType@53d3acda
2021-08-24 22:14:37.240 DEBUG 10615 --- [    Test worker] org.hibernate.type.BasicTypeRegistry     : Adding type registration java.math.BigDecimal -> org.hibernate.type.BigDecimalType@53d3acda
2021-08-24 22:14:37.241 DEBUG 10615 --- [    Test worker] org.hibernate.type.BasicTypeRegistry     : Adding type registration big_integer -> org.hibernate.type.BigIntegerType@4d2d80b
2021-08-24 22:14:37.241 DEBUG 10615 --- [    Test worker] org.hibernate.type.BasicTypeRegistry     : Adding type registration java.math.BigInteger -> org.hibernate.type.BigIntegerType@4d2d80b
2021-08-24 22:14:37.242 DEBUG 10615 --- [    Test worker] org.hibernate.type.BasicTypeRegistry     : Adding type registration string -> org.hibernate.type.StringType@5d9a9942
2021-08-24 22:14:37.242 DEBUG 10615 --- [    Test worker] org.hibernate.type.BasicTypeRegistry     : Adding type registration java.lang.String -> org.hibernate.type.StringType@5d9a9942
2021-08-24 22:14:37.243 DEBUG 10615 --- [    Test worker] org.hibernate.type.BasicTypeRegistry     : Adding type registration nstring -> org.hibernate.type.StringNVarcharType@3a941489
2021-08-24 22:14:37.243 DEBUG 10615 --- [    Test worker] org.hibernate.type.BasicTypeRegistry     : Adding type registration ncharacter -> org.hibernate.type.CharacterNCharType@682b7865
2021-08-24 22:14:37.244 DEBUG 10615 --- [    Test worker] org.hibernate.type.BasicTypeRegistry     : Adding type registration url -> org.hibernate.type.UrlType@4e4d0dd
2021-08-24 22:14:37.244 DEBUG 10615 --- [    Test worker] org.hibernate.type.BasicTypeRegistry     : Adding type registration java.net.URL -> org.hibernate.type.UrlType@4e4d0dd
2021-08-24 22:14:37.244 DEBUG 10615 --- [    Test worker] org.hibernate.type.BasicTypeRegistry     : Adding type registration Duration -> org.hibernate.type.DurationType@531ede48
2021-08-24 22:14:37.245 DEBUG 10615 --- [    Test worker] org.hibernate.type.BasicTypeRegistry     : Adding type registration java.time.Duration -> org.hibernate.type.DurationType@531ede48
2021-08-24 22:14:37.246 DEBUG 10615 --- [    Test worker] org.hibernate.type.BasicTypeRegistry     : Adding type registration Instant -> org.hibernate.type.InstantType@32810
2021-08-24 22:14:37.246 DEBUG 10615 --- [    Test worker] org.hibernate.type.BasicTypeRegistry     : Adding type registration java.time.Instant -> org.hibernate.type.InstantType@32810
2021-08-24 22:14:37.247 DEBUG 10615 --- [    Test worker] org.hibernate.type.BasicTypeRegistry     : Adding type registration LocalDateTime -> org.hibernate.type.LocalDateTimeType@23317940
2021-08-24 22:14:37.248 DEBUG 10615 --- [    Test worker] org.hibernate.type.BasicTypeRegistry     : Adding type registration java.time.LocalDateTime -> org.hibernate.type.LocalDateTimeType@23317940
2021-08-24 22:14:37.248 DEBUG 10615 --- [    Test worker] org.hibernate.type.BasicTypeRegistry     : Adding type registration LocalDate -> org.hibernate.type.LocalDateType@118de5ec
2021-08-24 22:14:37.249 DEBUG 10615 --- [    Test worker] org.hibernate.type.BasicTypeRegistry     : Adding type registration java.time.LocalDate -> org.hibernate.type.LocalDateType@118de5ec
2021-08-24 22:14:37.250 DEBUG 10615 --- [    Test worker] org.hibernate.type.BasicTypeRegistry     : Adding type registration LocalTime -> org.hibernate.type.LocalTimeType@10e569f7
2021-08-24 22:14:37.250 DEBUG 10615 --- [    Test worker] org.hibernate.type.BasicTypeRegistry     : Adding type registration java.time.LocalTime -> org.hibernate.type.LocalTimeType@10e569f7
2021-08-24 22:14:37.251 DEBUG 10615 --- [    Test worker] org.hibernate.type.BasicTypeRegistry     : Adding type registration OffsetDateTime -> org.hibernate.type.OffsetDateTimeType@2361b6cd
2021-08-24 22:14:37.251 DEBUG 10615 --- [    Test worker] org.hibernate.type.BasicTypeRegistry     : Adding type registration java.time.OffsetDateTime -> org.hibernate.type.OffsetDateTimeType@2361b6cd
2021-08-24 22:14:37.252 DEBUG 10615 --- [    Test worker] org.hibernate.type.BasicTypeRegistry     : Adding type registration OffsetTime -> org.hibernate.type.OffsetTimeType@40f43884
2021-08-24 22:14:37.252 DEBUG 10615 --- [    Test worker] org.hibernate.type.BasicTypeRegistry     : Adding type registration java.time.OffsetTime -> org.hibernate.type.OffsetTimeType@40f43884
2021-08-24 22:14:37.254 DEBUG 10615 --- [    Test worker] org.hibernate.type.BasicTypeRegistry     : Adding type registration ZonedDateTime -> org.hibernate.type.ZonedDateTimeType@3a5d3195
2021-08-24 22:14:37.254 DEBUG 10615 --- [    Test worker] org.hibernate.type.BasicTypeRegistry     : Adding type registration java.time.ZonedDateTime -> org.hibernate.type.ZonedDateTimeType@3a5d3195
2021-08-24 22:14:37.255 DEBUG 10615 --- [    Test worker] org.hibernate.type.BasicTypeRegistry     : Adding type registration date -> org.hibernate.type.DateType@757586bb
2021-08-24 22:14:37.255 DEBUG 10615 --- [    Test worker] org.hibernate.type.BasicTypeRegistry     : Adding type registration java.sql.Date -> org.hibernate.type.DateType@757586bb
2021-08-24 22:14:37.256 DEBUG 10615 --- [    Test worker] org.hibernate.type.BasicTypeRegistry     : Adding type registration time -> org.hibernate.type.TimeType@639f34c4
2021-08-24 22:14:37.256 DEBUG 10615 --- [    Test worker] org.hibernate.type.BasicTypeRegistry     : Adding type registration java.sql.Time -> org.hibernate.type.TimeType@639f34c4
2021-08-24 22:14:37.257 DEBUG 10615 --- [    Test worker] org.hibernate.type.BasicTypeRegistry     : Adding type registration timestamp -> org.hibernate.type.TimestampType@269feb9b
2021-08-24 22:14:37.257 DEBUG 10615 --- [    Test worker] org.hibernate.type.BasicTypeRegistry     : Adding type registration java.sql.Timestamp -> org.hibernate.type.TimestampType@269feb9b
2021-08-24 22:14:37.257 DEBUG 10615 --- [    Test worker] org.hibernate.type.BasicTypeRegistry     : Adding type registration java.util.Date -> org.hibernate.type.TimestampType@269feb9b
2021-08-24 22:14:37.258 DEBUG 10615 --- [    Test worker] org.hibernate.type.BasicTypeRegistry     : Adding type registration dbtimestamp -> org.hibernate.type.DbTimestampType@355d96f3
2021-08-24 22:14:37.259 DEBUG 10615 --- [    Test worker] org.hibernate.type.BasicTypeRegistry     : Adding type registration calendar -> org.hibernate.type.CalendarType@5d99b5b8
2021-08-24 22:14:37.259 DEBUG 10615 --- [    Test worker] org.hibernate.type.BasicTypeRegistry     : Adding type registration java.util.Calendar -> org.hibernate.type.CalendarType@5d99b5b8
2021-08-24 22:14:37.259 DEBUG 10615 --- [    Test worker] org.hibernate.type.BasicTypeRegistry     : Adding type registration java.util.GregorianCalendar -> org.hibernate.type.CalendarType@5d99b5b8
2021-08-24 22:14:37.260 DEBUG 10615 --- [    Test worker] org.hibernate.type.BasicTypeRegistry     : Adding type registration calendar_date -> org.hibernate.type.CalendarDateType@38deeb3e
2021-08-24 22:14:37.261 DEBUG 10615 --- [    Test worker] org.hibernate.type.BasicTypeRegistry     : Adding type registration calendar_time -> org.hibernate.type.CalendarTimeType@1ce4ec24
2021-08-24 22:14:37.262 DEBUG 10615 --- [    Test worker] org.hibernate.type.BasicTypeRegistry     : Adding type registration locale -> org.hibernate.type.LocaleType@6cc21822
2021-08-24 22:14:37.262 DEBUG 10615 --- [    Test worker] org.hibernate.type.BasicTypeRegistry     : Adding type registration java.util.Locale -> org.hibernate.type.LocaleType@6cc21822
2021-08-24 22:14:37.262 DEBUG 10615 --- [    Test worker] org.hibernate.type.BasicTypeRegistry     : Adding type registration currency -> org.hibernate.type.CurrencyType@7fa015ef
2021-08-24 22:14:37.262 DEBUG 10615 --- [    Test worker] org.hibernate.type.BasicTypeRegistry     : Adding type registration java.util.Currency -> org.hibernate.type.CurrencyType@7fa015ef
2021-08-24 22:14:37.263 DEBUG 10615 --- [    Test worker] org.hibernate.type.BasicTypeRegistry     : Adding type registration timezone -> org.hibernate.type.TimeZoneType@5dc6fdf
2021-08-24 22:14:37.263 DEBUG 10615 --- [    Test worker] org.hibernate.type.BasicTypeRegistry     : Adding type registration java.util.TimeZone -> org.hibernate.type.TimeZoneType@5dc6fdf
2021-08-24 22:14:37.264 DEBUG 10615 --- [    Test worker] org.hibernate.type.BasicTypeRegistry     : Adding type registration class -> org.hibernate.type.ClassType@123c9f2c
2021-08-24 22:14:37.264 DEBUG 10615 --- [    Test worker] org.hibernate.type.BasicTypeRegistry     : Adding type registration java.lang.Class -> org.hibernate.type.ClassType@123c9f2c
2021-08-24 22:14:37.265 DEBUG 10615 --- [    Test worker] org.hibernate.type.BasicTypeRegistry     : Adding type registration uuid-binary -> org.hibernate.type.UUIDBinaryType@4cbc1606
2021-08-24 22:14:37.265 DEBUG 10615 --- [    Test worker] org.hibernate.type.BasicTypeRegistry     : Adding type registration java.util.UUID -> org.hibernate.type.UUIDBinaryType@4cbc1606
2021-08-24 22:14:37.265 DEBUG 10615 --- [    Test worker] org.hibernate.type.BasicTypeRegistry     : Adding type registration uuid-char -> org.hibernate.type.UUIDCharType@7c06e882
2021-08-24 22:14:37.266 DEBUG 10615 --- [    Test worker] org.hibernate.type.BasicTypeRegistry     : Adding type registration binary -> org.hibernate.type.BinaryType@39abeabf
2021-08-24 22:14:37.266 DEBUG 10615 --- [    Test worker] org.hibernate.type.BasicTypeRegistry     : Adding type registration byte[] -> org.hibernate.type.BinaryType@39abeabf
2021-08-24 22:14:37.266 DEBUG 10615 --- [    Test worker] org.hibernate.type.BasicTypeRegistry     : Adding type registration [B -> org.hibernate.type.BinaryType@39abeabf
2021-08-24 22:14:37.267 DEBUG 10615 --- [    Test worker] org.hibernate.type.BasicTypeRegistry     : Adding type registration wrapper-binary -> org.hibernate.type.WrapperBinaryType@2b70bf0d
2021-08-24 22:14:37.267 DEBUG 10615 --- [    Test worker] org.hibernate.type.BasicTypeRegistry     : Adding type registration Byte[] -> org.hibernate.type.WrapperBinaryType@2b70bf0d
2021-08-24 22:14:37.267 DEBUG 10615 --- [    Test worker] org.hibernate.type.BasicTypeRegistry     : Adding type registration [Ljava.lang.Byte; -> org.hibernate.type.WrapperBinaryType@2b70bf0d
2021-08-24 22:14:37.268 DEBUG 10615 --- [    Test worker] org.hibernate.type.BasicTypeRegistry     : Adding type registration row_version -> org.hibernate.type.RowVersionType@7ea92833
2021-08-24 22:14:37.269 DEBUG 10615 --- [    Test worker] org.hibernate.type.BasicTypeRegistry     : Adding type registration image -> org.hibernate.type.ImageType@d2b2573
2021-08-24 22:14:37.270 DEBUG 10615 --- [    Test worker] org.hibernate.type.BasicTypeRegistry     : Adding type registration characters -> org.hibernate.type.CharArrayType@6109c11f
2021-08-24 22:14:37.270 DEBUG 10615 --- [    Test worker] org.hibernate.type.BasicTypeRegistry     : Adding type registration char[] -> org.hibernate.type.CharArrayType@6109c11f
2021-08-24 22:14:37.270 DEBUG 10615 --- [    Test worker] org.hibernate.type.BasicTypeRegistry     : Adding type registration [C -> org.hibernate.type.CharArrayType@6109c11f
2021-08-24 22:14:37.271 DEBUG 10615 --- [    Test worker] org.hibernate.type.BasicTypeRegistry     : Adding type registration wrapper-characters -> org.hibernate.type.CharacterArrayType@27c6cf93
2021-08-24 22:14:37.271 DEBUG 10615 --- [    Test worker] org.hibernate.type.BasicTypeRegistry     : Adding type registration [Ljava.lang.Character; -> org.hibernate.type.CharacterArrayType@27c6cf93
2021-08-24 22:14:37.271 DEBUG 10615 --- [    Test worker] org.hibernate.type.BasicTypeRegistry     : Adding type registration Character[] -> org.hibernate.type.CharacterArrayType@27c6cf93
2021-08-24 22:14:37.271 DEBUG 10615 --- [    Test worker] org.hibernate.type.BasicTypeRegistry     : Adding type registration text -> org.hibernate.type.TextType@432ddcfd
2021-08-24 22:14:37.272 DEBUG 10615 --- [    Test worker] org.hibernate.type.BasicTypeRegistry     : Adding type registration ntext -> org.hibernate.type.NTextType@27ce76e5
2021-08-24 22:14:37.273 DEBUG 10615 --- [    Test worker] org.hibernate.type.BasicTypeRegistry     : Adding type registration blob -> org.hibernate.type.BlobType@2c3968be
2021-08-24 22:14:37.273 DEBUG 10615 --- [    Test worker] org.hibernate.type.BasicTypeRegistry     : Adding type registration java.sql.Blob -> org.hibernate.type.BlobType@2c3968be
2021-08-24 22:14:37.274 DEBUG 10615 --- [    Test worker] org.hibernate.type.BasicTypeRegistry     : Adding type registration materialized_blob -> org.hibernate.type.MaterializedBlobType@31553bb5
2021-08-24 22:14:37.275 DEBUG 10615 --- [    Test worker] org.hibernate.type.BasicTypeRegistry     : Adding type registration clob -> org.hibernate.type.ClobType@4e162892
2021-08-24 22:14:37.275 DEBUG 10615 --- [    Test worker] org.hibernate.type.BasicTypeRegistry     : Adding type registration java.sql.Clob -> org.hibernate.type.ClobType@4e162892
2021-08-24 22:14:37.276 DEBUG 10615 --- [    Test worker] org.hibernate.type.BasicTypeRegistry     : Adding type registration nclob -> org.hibernate.type.NClobType@309f4d7e
2021-08-24 22:14:37.276 DEBUG 10615 --- [    Test worker] org.hibernate.type.BasicTypeRegistry     : Adding type registration java.sql.NClob -> org.hibernate.type.NClobType@309f4d7e
2021-08-24 22:14:37.276 DEBUG 10615 --- [    Test worker] org.hibernate.type.BasicTypeRegistry     : Adding type registration materialized_clob -> org.hibernate.type.MaterializedClobType@657e3201
2021-08-24 22:14:37.277 DEBUG 10615 --- [    Test worker] org.hibernate.type.BasicTypeRegistry     : Adding type registration materialized_nclob -> org.hibernate.type.MaterializedNClobType@f5cb6b8
2021-08-24 22:14:37.278 DEBUG 10615 --- [    Test worker] org.hibernate.type.BasicTypeRegistry     : Adding type registration serializable -> org.hibernate.type.SerializableType@10530cc3
2021-08-24 22:14:37.280 DEBUG 10615 --- [    Test worker] org.hibernate.type.BasicTypeRegistry     : Adding type registration object -> org.hibernate.type.ObjectType@1d1e5f09
2021-08-24 22:14:37.280 DEBUG 10615 --- [    Test worker] org.hibernate.type.BasicTypeRegistry     : Adding type registration java.lang.Object -> org.hibernate.type.ObjectType@1d1e5f09
2021-08-24 22:14:37.281 DEBUG 10615 --- [    Test worker] org.hibernate.type.BasicTypeRegistry     : Adding type registration imm_date -> org.hibernate.type.AdaptedImmutableType@2ddf880d
2021-08-24 22:14:37.281 DEBUG 10615 --- [    Test worker] org.hibernate.type.BasicTypeRegistry     : Adding type registration imm_time -> org.hibernate.type.AdaptedImmutableType@a572cad
2021-08-24 22:14:37.281 DEBUG 10615 --- [    Test worker] org.hibernate.type.BasicTypeRegistry     : Adding type registration imm_timestamp -> org.hibernate.type.AdaptedImmutableType@66eca938
2021-08-24 22:14:37.281 DEBUG 10615 --- [    Test worker] org.hibernate.type.BasicTypeRegistry     : Adding type registration imm_dbtimestamp -> org.hibernate.type.AdaptedImmutableType@17c1c005
2021-08-24 22:14:37.281 DEBUG 10615 --- [    Test worker] org.hibernate.type.BasicTypeRegistry     : Adding type registration imm_calendar -> org.hibernate.type.AdaptedImmutableType@468fad10
2021-08-24 22:14:37.281 DEBUG 10615 --- [    Test worker] org.hibernate.type.BasicTypeRegistry     : Adding type registration imm_calendar_date -> org.hibernate.type.AdaptedImmutableType@758ed328
2021-08-24 22:14:37.281 DEBUG 10615 --- [    Test worker] org.hibernate.type.BasicTypeRegistry     : Adding type registration imm_binary -> org.hibernate.type.AdaptedImmutableType@762811c8
2021-08-24 22:14:37.281 DEBUG 10615 --- [    Test worker] org.hibernate.type.BasicTypeRegistry     : Adding type registration imm_serializable -> org.hibernate.type.AdaptedImmutableType@6f7036e0
2021-08-24 22:14:37.316  INFO 10615 --- [    Test worker] com.zaxxer.hikari.HikariDataSource       : HikariPool-1 - Starting...
2021-08-24 22:14:37.732  INFO 10615 --- [    Test worker] com.zaxxer.hikari.HikariDataSource       : HikariPool-1 - Start completed.
2021-08-24 22:14:37.748  INFO 10615 --- [    Test worker] org.hibernate.dialect.Dialect            : HHH000400: Using dialect: org.hibernate.dialect.MySQL8Dialect
2021-08-24 22:14:37.814 DEBUG 10615 --- [    Test worker] o.h.type.spi.TypeConfiguration$Scope     : Scoping TypeConfiguration [org.hibernate.type.spi.TypeConfiguration@22e509d3] to MetadataBuildingContext [org.hibernate.boot.internal.MetadataBuildingContextRootImpl@26778d2c]
2021-08-24 22:14:38.114 DEBUG 10615 --- [    Test worker] org.hibernate.type.EnumType              : Using NAMED-based conversion for Enum bookclub.chakmuri.domain.ClubStatus
2021-08-24 22:14:38.115 DEBUG 10615 --- [    Test worker] org.hibernate.type.EnumType              : Using NAMED-based conversion for Enum bookclub.chakmuri.domain.ApprovalStatus
2021-08-24 22:14:38.116 DEBUG 10615 --- [    Test worker] o.h.type.spi.TypeConfiguration$Scope     : Scoping TypeConfiguration [org.hibernate.type.spi.TypeConfiguration@22e509d3] to SessionFactoryImpl [org.hibernate.internal.SessionFactoryImpl@6c2eafbd]
2021-08-24 22:14:38.443  INFO 10615 --- [    Test worker] o.h.e.t.j.p.i.JtaPlatformInitiator       : HHH000490: Using JtaPlatform implementation: [org.hibernate.engine.transaction.jta.platform.internal.NoJtaPlatform]
2021-08-24 22:14:38.449 TRACE 10615 --- [    Test worker] o.h.type.spi.TypeConfiguration$Scope     : Handling #sessionFactoryCreated from [org.hibernate.internal.SessionFactoryImpl@6c2eafbd] for TypeConfiguration
2021-08-24 22:14:38.451  INFO 10615 --- [    Test worker] j.LocalContainerEntityManagerFactoryBean : Initialized JPA EntityManagerFactory for persistence unit 'default'
2021-08-24 22:14:39.402  INFO 10615 --- [    Test worker] b.chakmuri.ChakmuriApplicationTests      : Started ChakmuriApplicationTests in 3.744 seconds (JVM running for 4.741)
]]></system-out>
  <system-err><![CDATA[]]></system-err>
</testsuite>
